Loaded project: 12474507263525782740

[home] Generating...
[home] screen: a0769512e45741269b41bce1ba01fecd
[home] HTML: https://contribution.usercontent.google.com/download?c=CgthaWRhX2NvZGVmeBJ7Eh1hcHBfY29tcGFuaW9uX2dlbmVyYXRlZF9maWxlcxpaCiVodG1sX2E2Y2I3NjQzNWJmODQzMmZhYzhmYzJmN2UwOTcxMGQxEgoSBhDBg-rELhgBkgEkCgpwcm9qZWN0X2lkEhZCFDEyNDc0NTA3MjYzNTI1NzgyNzQw&filename=&opi=96797242
[home] Image: https://lh3.googleusercontent.com/aida/AP1WRLu75rOZZNlJRaYoxBpKqRO5BCGGOGpYWVZvFzbH3Md9cPiNP5MSjvX3o-7oB6M7ZlHc8iqZIpqA65iDhoqkGHp-A4lUdyALoTd3o1BKVw6h7R1g7H52vRIjIhTI2efgfzobq-LfzL6nwDaxsevatJOENA84o6hrdB7Al0hDyhFf0JbjjzesoTDt-YhBEeBNfNCmCQmH7hDE8vAQEK2VYcAFj2ngm0OpHtOhx6DRxmnme2MTXhv8tfKTXw

[breeding-calculator] Generating...
[breeding-calculator] screen: da3ff44026354f179900d62e03b23f0e
[breeding-calculator] HTML: https://contribution.usercontent.google.com/download?c=CgthaWRhX2NvZGVmeBJ7Eh1hcHBfY29tcGFuaW9uX2dlbmVyYXRlZF9maWxlcxpaCiVodG1sXzBmNTc1NzYwMTA5YzRhNmY4OGEzY2E5NDM4NmUyNWM1EgoSBhDBg-rELhgBkgEkCgpwcm9qZWN0X2lkEhZCFDEyNDc0NTA3MjYzNTI1NzgyNzQw&filename=&opi=96797242
[breeding-calculator] Image: https://lh3.googleusercontent.com/aida/AP1WRLtZBPkaEUjgDcercnigAzk8HMnilt5Oo1xSWOKQr8LDAWEjZYLegCyd52x5888nZQqoBLvarLsEwQiXwssnYAPwFqTDP2mbQPKF9Hrqqhmh35ZfYt8mHiQ4RKcV87h_9cQHrbH0YlBikJ4oKUUVYCQvDBfZdHTLg-lHJKsvCQafLo_zPfKygGBMbrfahoUTa7mlgmLS6DJ2oltfY1USEFR-XrbcEJhk7hYPqEuVYLx_8R3_LUxdXYtdrBw

[reverse-breeding] Generating...
[reverse-breeding] screen: 63ddfd9e4b2f494ea6c9c097115c9a02
[reverse-breeding] HTML: https://contribution.usercontent.google.com/download?c=CgthaWRhX2NvZGVmeBJ7Eh1hcHBfY29tcGFuaW9uX2dlbmVyYXRlZF9maWxlcxpaCiVodG1sXzBkYWVlYWU1NmVhMzQ4NTZhZGY5YWY1MGMzMmNhNTU0EgoSBhDBg-rELhgBkgEkCgpwcm9qZWN0X2lkEhZCFDEyNDc0NTA3MjYzNTI1NzgyNzQw&filename=&opi=96797242
[reverse-breeding] Image: https://lh3.googleusercontent.com/aida/AP1WRLuop0Mi8DiAK4-dJ8S-mVahYDs2FnH0nzk50_TJ8tX1vTWau-6XPFttLZRaBM93A-eerj4itiluPqib1l2LkbLs-zqkMPxOapw9viN8jw4TOnGgucNx5FojyTfUV0cTRsACkEfJBMSMEJA0kGSFLR2ROnOyopoo_lxjKuIMOUwhiMP2p5JSOhwVQxZy62siG4nvtAn9_kg7ic2Nr4OhxSz_SeKpGZDtYdF6fZAwpCkLB_NHOax6_6dT5Q

[combo-result] Generating...
[combo-result] screen: 4e7cd3b12d6a4b4dbd01db300b3b37cd
[combo-result] HTML: https://contribution.usercontent.google.com/download?c=CgthaWRhX2NvZGVmeBJ7Eh1hcHBfY29tcGFuaW9uX2dlbmVyYXRlZF9maWxlcxpaCiVodG1sXzE2ZGFmNzkyMDEzNDRhYTBiZWM3ZWNlNTlhNGYxNTlmEgoSBhDBg-rELhgBkgEkCgpwcm9qZWN0X2lkEhZCFDEyNDc0NTA3MjYzNTI1NzgyNzQw&filename=&opi=96797242
[combo-result] Image: https://lh3.googleusercontent.com/aida/AP1WRLvqRC3jxgnUUt8WsW8WafjulvL7kkqp8T8MekvGccEyNnlsVvYPTogyLR-U0V4rzwDqOSpY7M0NxNMObWXJIr8_QuBSTUrdLBQkmDSBSC-_61fcIqWEjy1vPmwfS-dfyG1iwiJUXZx1_dqxmjuZ1VFBpBSnCl24v6cRK_jfTBYQXArG8_MDwm8EfloRQFUhVUnz1F05wvLpu8-CBV2XQOLMs7-25QhTBvm1zk2kJoDO96fJHktHGFQSlDw

[pal-detail] Generating...
[pal-detail] screen: 6f9f48340ba34f40b2170e115cd96288
[pal-detail] HTML: https://contribution.usercontent.google.com/download?c=CgthaWRhX2NvZGVmeBJ7Eh1hcHBfY29tcGFuaW9uX2dlbmVyYXRlZF9maWxlcxpaCiVodG1sXzhjYjQ5ZTI2ZmY5YTRjODk5YWJhYzBmNWJlZTkzNzc1EgoSBhDBg-rELhgBkgEkCgpwcm9qZWN0X2lkEhZCFDEyNDc0NTA3MjYzNTI1NzgyNzQw&filename=&opi=96797242
[pal-detail] Image: https://lh3.googleusercontent.com/aida/AP1WRLvVpD8fMgfCjtNN1kIZJMXmpeiNsHfx_kuUh_kZ577XKH3h5nyD0cWciAX27uTd08-HWnY-AWNCNOrPrEHkmz1yw2FzrPvaUdliNHASrehQtBxs8a90q357e790bDRmKiPq5mJusbQ-yzoWJfUU92baOikKv30PswS3xnIpyXsgpDYrRP7VJ7tkxgUGNsgTrSLK4xmF0EfTVMTnhodF2Vs3QK-eTNCqchWQ9cA7O2nDyaZI9Jy2lnX5jg

P0 batch done.
